Arguments: 
  D:\nodejs\node.exe C:\Program Files (x86)\Yarn\bin\yarn.js dev

PATH: 
  C:\Program Files (x86)\NVIDIA Corporation\PhysX\Common;C:\WINDOWS\system32;C:\WINDOWS;C:\WINDOWS\System32\Wbem;C:\WINDOWS\System32\WindowsPowerShell\v1.0\;D:\Git\cmd;D:\TortoiseGit\bin;C:\Program Files (x86)\Yarn\bin\;C:\Program Files (x86)\Windows Kits\8.1\Windows Performance Toolkit\;C:\Users\小刚\.windows-build-tools\python27\;C:\WINDOWS\System32\OpenSSH\;D:\nvm;D:\nodejs;D:\Microsoft VS Code\bin;C:\Ruby24-x64\bin;C:\Users\小刚\AppData\Local\Microsoft\WindowsApps;C:\Users\小刚\AppData\Local\Yarn\bin;D:\Microsoft VS Code\bin;D:\nvm;D:\nodejs

Yarn version: 
  1.5.1

Node version: 
  8.11.4

Platform: 
  win32 x64

npm manifest: 
  {
    "name": "react_componets",
    "version": "1.0.0",
    "description": "",
    "main": "index.js",
    "scripts": {
      "dev": "webpack-dev-server --config webpack/webpack.config.dev.js",
      "build": "rimraf assets && webpack --display-used-exports --config webpack/webpack.config.prod.js",
      "build:dll": "rimraf cache/js/* && webpack --display-used-exports --progress --colors --config webpack/webpack.config.dll.js",
      "build:test": "rimraf assets && webpack --display-used-exports --config webpack/webpack.config.test.js"
    },
    "repository": {
      "type": "git",
      "url": "git+https://empty916@github.com/empty916/react_componets.git"
    },
    "author": "wangxiaogang",
    "license": "ISC",
    "bugs": {
      "url": "https://github.com/empty916/react_componets/issues"
    },
    "homepage": "https://github.com/empty916/react_componets#readme",
    "devDependencies": {
      "autoprefixer": "^7.1.3",
      "babel-cli": "^6.26.0",
      "babel-core": "^6.26.0",
      "babel-loader": "^7.1.2",
      "babel-plugin-add-module-exports": "^0.2.1",
      "babel-plugin-transform-decorators-legacy": "^1.3.4",
      "babel-plugin-transform-runtime": "^6.23.0",
      "babel-preset-es2015": "^6.24.1",
      "babel-preset-react": "^6.24.1",
      "babel-preset-stage-0": "^6.24.1",
      "chunk-manifest-webpack-plugin": "^1.1.2",
      "clean-webpack-plugin": "^0.1.18",
      "compression-webpack-plugin": "^1.1.2",
      "copy-webpack-plugin": "^4.3.1",
      "css-loader": "^0.28.7",
      "cssnano": "^3.10.0",
      "extract-text-webpack-plugin": "^3.0.2",
      "file-loader": "^1.1.6",
      "happypack": "^4.0.0",
      "html-webpack-plugin": "^2.30.1",
      "mockjs": "^1.0.1-beta3",
      "node-sass": "^4.5.2",
      "optimize-css-assets-webpack-plugin": "^3.2.0",
      "postcss-loader": "^2.1.0",
      "rimraf": "^2.6.2",
      "sass-loader": "^6.0.3",
      "url-loader": "^0.5.8",
      "webpack": "^3.10.0",
      "webpack-bundle-analyzer": "^2.9.2",
      "webpack-dev-server": "^2.7.1",
      "webpack-manifest-plugin": "^1.3.2",
      "webpack-parallel-uglify-plugin": "^1.0.2",
      "webpack-spritesmith": "^0.3.6"
    },
    "dependencies": {
      "babel-polyfill": "^6.26.0",
      "better-scroll": "^1.8.0",
      "classnames": "^2.2.5",
      "es6-promise": "^4.1.1",
      "prop-types": "^15.6.0",
      "react": "^16.2.0",
      "react-dom": "^16.2.0"
    }
  }

yarn manifest: 
  No manifest

Lockfile: 
  No lockfile

Trace: 
  Error: Command failed.
  Exit code: 1
  Command: C:\WINDOWS\system32\cmd.exe
  Arguments: /d /s /c webpack-dev-server --config webpack/webpack.config.dev.js
  Directory: D:\code\github\react_componets
  Output:
  
      at ProcessTermError.MessageError (C:\Program Files (x86)\Yarn\lib\cli.js:186:110)
      at new ProcessTermError (C:\Program Files (x86)\Yarn\lib\cli.js:226:113)
      at ChildProcess.<anonymous> (C:\Program Files (x86)\Yarn\lib\cli.js:30281:17)
      at emitTwo (events.js:126:13)
      at ChildProcess.emit (events.js:214:7)
      at maybeClose (internal/child_process.js:925:16)
      at Process.ChildProcess._handle.onexit (internal/child_process.js:209:5)
